\BOOKMARK [0][-]{section*.4}{فهرست اشکال}{}% 1
\BOOKMARK [0][-]{chapter.1}{مقدمه}{}% 2
\BOOKMARK [1][-]{section.1.1}{مقدمه}{chapter.1}% 3
\BOOKMARK [0][-]{chapter.2}{تعریف مسئله، راه حل پیشنهادی و تعریف نیازمندی‌ها}{}% 4
\BOOKMARK [1][-]{section.2.1}{مقدمه}{chapter.2}% 5
\BOOKMARK [1][-]{section.2.2}{تعریف مسئله}{chapter.2}% 6
\BOOKMARK [1][-]{section.2.3}{راه حل پیشنهادی}{chapter.2}% 7
\BOOKMARK [1][-]{section.2.4}{نیازمندی‌های پروژه}{chapter.2}% 8
\BOOKMARK [1][-]{section.2.5}{نتیجه‌گیری}{chapter.2}% 9
\BOOKMARK [0][-]{chapter.3}{اجزا و تکنولوژی‌ها}{}% 10
\BOOKMARK [1][-]{section.3.1}{مقدمه}{chapter.3}% 11
\BOOKMARK [1][-]{section.3.2}{رزبری‌پای مدل 3A}{chapter.3}% 12
\BOOKMARK [1][-]{section.3.3}{نمایشگر لمسی 3.5 اینچی وِیوشِر}{chapter.3}% 13
\BOOKMARK [1][-]{section.3.4}{سیستم‌عامل رزبین}{chapter.3}% 14
\BOOKMARK [1][-]{section.3.5}{چهارچوب نرم‌افزاری جنگو}{chapter.3}% 15
\BOOKMARK [1][-]{section.3.6}{چهارچوب نرم‌افزاری REST جنگو}{chapter.3}% 16
\BOOKMARK [1][-]{section.3.7}{چهارچوب نرم‌افزاری Vue.js}{chapter.3}% 17
\BOOKMARK [1][-]{section.3.8}{پایگاه‌داده رابطه‌ای Postgress}{chapter.3}% 18
\BOOKMARK [1][-]{section.3.9}{ماشین مجازی}{chapter.3}% 19
\BOOKMARK [1][-]{section.3.10}{نتیجه‌گیری}{chapter.3}% 20
\BOOKMARK [0][-]{chapter.4}{طراحی و پیاده‌سازی}{}% 21
\BOOKMARK [1][-]{section.4.1}{مقدمه}{chapter.4}% 22
\BOOKMARK [1][-]{section.4.2}{نمایشگر لمسی}{chapter.4}% 23
\BOOKMARK [1][-]{section.4.3}{طراحی و پیاده‌سازی پایگاه‌داده}{chapter.4}% 24
\BOOKMARK [1][-]{section.4.4}{رابط‌های برنامه‌نویسی نرم‌افزار}{chapter.4}% 25
\BOOKMARK [1][-]{section.4.5}{‌برنامه انتخاب محصولات بخش‌ها}{chapter.4}% 26
\BOOKMARK [1][-]{section.4.6}{برنامه جمع‌آوری محصول}{chapter.4}% 27
\BOOKMARK [1][-]{section.4.7}{رابط کاربری مدیریت}{chapter.4}% 28
\BOOKMARK [1][-]{section.4.8}{نتیجه‌گیری}{chapter.4}% 29
\BOOKMARK [0][-]{chapter.5}{جمع‌بندی، نتيجه‌گيري و پیشنهادات}{}% 30
\BOOKMARK [1][-]{section.5.1}{جمع‌بندی و نتیجه‌گیری}{chapter.5}% 31
\BOOKMARK [1][-]{section.5.2}{کارهای آینده}{chapter.5}% 32
\BOOKMARK [0][-]{appendix*.15}{منابع و مراجع}{}% 33
